This file contains any messages produced by compilers while
running configure, to aid debugging if configure makes a mistake.

It was created by configure, which was
generated by GNU Autoconf 2.64.  Invocation command line was

  $ ../configure --prefix=/usr/gcc-4.7.2 --with-gmp=/usr/local/opt/gmp --with-mpfr=/usr/local/opt/mpfr --with-mpc=/usr/local/opt/libmpc --program-suffix=-4.7.2 --enable-languages=c,c++,fortran --with-system-zlib --enable-stage1-checking --enable-plugin --enable-lto --disable-multilib

## --------- ##
## Platform. ##
## --------- ##

hostname = MBP-0407.hsd1.il.comcast.net
uname -m = x86_64
uname -r = 15.4.0
uname -s = Darwin
uname -v = Darwin Kernel Version 15.4.0: Fri Feb 26 22:08:05 PST 2016; root:xnu-3248.40.184~3/RELEASE_X86_64

/usr/bin/uname -p = i386
/bin/uname -X     = unknown

/bin/arch              = unknown
/usr/bin/arch -k       = unknown
/usr/convex/getsysinfo = unknown
/usr/bin/hostinfo      = Mach kernel version:
	 Darwin Kernel Version 15.4.0: Fri Feb 26 22:08:05 PST 2016; root:xnu-3248.40.184~3/RELEASE_X86_64
Kernel configured for up to 8 processors.
4 processors are physically available.
8 processors are logically available.
Processor type: x86_64h (Intel x86-64h Haswell)
Processors active: 0 1 2 3 4 5 6 7
Primary memory available: 16.00 gigabytes
Default processor set: 490 tasks, 3008 threads, 8 processors
Load average: 4.16, Mach factor: 4.55
/bin/machine           = unknown
/usr/bin/oslevel       = unknown
/bin/universe          = unknown

PATH: /Users/rbroom06/.rvm/gems/ruby-2.2.2/bin
PATH: /Users/rbroom06/.rvm/gems/ruby-2.2.2@global/bin
PATH: /Users/rbroom06/.rvm/rubies/ruby-2.2.2/bin
PATH: /usr/local/heroku/bin
PATH: /opt/local/bin
PATH: /usr/local/mysql/bin
PATH: /usr/local/git/bin
PATH: /Users/rbroom06/bin
PATH: /opt/local/bin
PATH: /opt/local/sbin
PATH: /usr/local/share/npm/bin
PATH: /bin
PATH: /usr/sbin
PATH: /sbin
PATH: /usr/local/bin
PATH: /usr/bin
PATH: /usr/X11/bin
PATH: /usr/local/pgsql/bin
PATH: /Users/robb/.rvm/bin
PATH: /usr/local/bin
PATH: /Users/rbroom06/bin
PATH: /usr/local/bin
PATH: /usr/local/bin
PATH: /usr/bin
PATH: /bin
PATH: /usr/sbin
PATH: /sbin
PATH: /usr/local/sbin
PATH: /usr/local/heroku/bin
PATH: /opt/local/bin
PATH: /usr/local/mysql/bin
PATH: /usr/local/git/bin
PATH: /Users/rbroom06/bin
PATH: /opt/local/sbin
PATH: /usr/local/share/npm/bin
PATH: /usr/X11/bin
PATH: /usr/local/pgsql/bin
PATH: /Users/robb/.rvm/bin
PATH: .
PATH: /usr/local/pgsql/bin
PATH: /usr/local/sbin
PATH: /Users/rbroom06/.rvm/bin


## ----------- ##
## Core tests. ##
## ----------- ##

configure:2237: checking build system type
configure:2251: result: x86_64-apple-darwin15.4.0
configure:2298: checking host system type
configure:2311: result: x86_64-apple-darwin15.4.0
configure:2331: checking target system type
configure:2344: result: x86_64-apple-darwin15.4.0
configure:2398: checking for a BSD-compatible install
configure:2466: result: /usr/local/bin/ginstall -c
configure:2477: checking whether ln works
configure:2499: result: yes
configure:2503: checking whether ln -s works
configure:2507: result: yes
configure:2514: checking for a sed that does not truncate output
configure:2578: result: /usr/bin/sed
configure:2587: checking for gawk
configure:2617: result: no
configure:2587: checking for mawk
configure:2617: result: no
configure:2587: checking for nawk
configure:2617: result: no
configure:2587: checking for awk
configure:2603: found /usr/bin/awk
configure:2614: result: awk
configure:3070: checking for libitm support
configure:3080: result: yes
configure:3776: checking for gcc
configure:3792: found /usr/bin/gcc
configure:3803: result: gcc
configure:4032: checking for C compiler version
configure:4041: gcc --version >&5
Apple LLVM version 7.3.0 (clang-703.0.29)
Target: x86_64-apple-darwin15.4.0
Thread model: posix
InstalledDir: /Applications/Xcode.app/Contents/Developer/Toolchains/XcodeDefault.xctoolchain/usr/bin
Configured with: --prefix=/Applications/Xcode.app/Contents/Developer/usr --with-gxx-include-dir=/usr/include/c++/4.2.1
configure:4052: $? = 0
configure:4041: gcc -v >&5
Configured with: --prefix=/Applications/Xcode.app/Contents/Developer/usr --with-gxx-include-dir=/usr/include/c++/4.2.1
Apple LLVM version 7.3.0 (clang-703.0.29)
Target: x86_64-apple-darwin15.4.0
Thread model: posix
InstalledDir: /Applications/Xcode.app/Contents/Developer/Toolchains/XcodeDefault.xctoolchain/usr/bin
configure:4052: $? = 0
configure:4041: gcc -V >&5
clang: error: argument to '-V' is missing (expected 1 value)
clang: error: no input files
configure:4052: $? = 1
configure:4041: gcc -qversion >&5
clang: error: unknown argument: '-qversion'
clang: error: no input files
configure:4052: $? = 1
configure:4072: checking for C compiler default output file name
configure:4094: gcc    conftest.c  >&5
configure:4098: $? = 0
configure:4135: result: a.out
configure:4151: checking whether the C compiler works
configure:4160: ./a.out
configure:4164: $? = 0
configure:4179: result: yes
configure:4186: checking whether we are cross compiling
configure:4188: result: no
configure:4191: checking for suffix of executables
configure:4198: gcc -o conftest    conftest.c  >&5
configure:4202: $? = 0
configure:4224: result: 
configure:4230: checking for suffix of object files
configure:4252: gcc -c   conftest.c >&5
configure:4256: $? = 0
configure:4277: result: o
configure:4281: checking whether we are using the GNU C compiler
configure:4300: gcc -c   conftest.c >&5
configure:4300: $? = 0
configure:4309: result: yes
configure:4318: checking whether gcc accepts -g
configure:4338: gcc -c -g  conftest.c >&5
configure:4338: $? = 0
configure:4379: result: yes
configure:4396: checking for gcc option to accept ISO C89
configure:4460: gcc  -c -g -O2  conftest.c >&5
configure:4460: $? = 0
configure:4473: result: none needed
configure:4551: checking for g++
configure:4567: found /usr/bin/g++
configure:4578: result: g++
configure:4605: checking for C++ compiler version
configure:4614: g++ --version >&5
Apple LLVM version 7.3.0 (clang-703.0.29)
Target: x86_64-apple-darwin15.4.0
Thread model: posix
InstalledDir: /Applications/Xcode.app/Contents/Developer/Toolchains/XcodeDefault.xctoolchain/usr/bin
Configured with: --prefix=/Applications/Xcode.app/Contents/Developer/usr --with-gxx-include-dir=/usr/include/c++/4.2.1
configure:4625: $? = 0
configure:4614: g++ -v >&5
Configured with: --prefix=/Applications/Xcode.app/Contents/Developer/usr --with-gxx-include-dir=/usr/include/c++/4.2.1
Apple LLVM version 7.3.0 (clang-703.0.29)
Target: x86_64-apple-darwin15.4.0
Thread model: posix
InstalledDir: /Applications/Xcode.app/Contents/Developer/Toolchains/XcodeDefault.xctoolchain/usr/bin
configure:4625: $? = 0
configure:4614: g++ -V >&5
clang: error: argument to '-V' is missing (expected 1 value)
clang: error: no input files
configure:4625: $? = 1
configure:4614: g++ -qversion >&5
clang: error: unknown argument: '-qversion'
clang: error: no input files
configure:4625: $? = 1
configure:4629: checking whether we are using the GNU C++ compiler
configure:4648: g++ -c   conftest.cpp >&5
configure:4648: $? = 0
configure:4657: result: yes
configure:4666: checking whether g++ accepts -g
configure:4686: g++ -c -g  conftest.cpp >&5
configure:4686: $? = 0
configure:4727: result: yes
configure:4816: checking for gnatbind
configure:4846: result: no
configure:4908: checking for gnatmake
configure:4938: result: no
configure:4957: checking whether compiler driver understands Ada
configure:4980: result: no
configure:4989: checking how to compare bootstrapped objects
configure:5014: result: cmp --ignore-initial=16 $$f1 $$f2
configure:5086: checking for objdir
configure:5101: result: .libs
configure:5267: checking for the correct version of gmp.h
configure:5287: gcc -c -g -O2 -I/usr/local/opt/gmp/include -I/usr/local/opt/mpfr/include -I/usr/local/opt/libmpc/include   conftest.c >&5
configure:5287: $? = 0
configure:5305: gcc -c -g -O2 -I/usr/local/opt/gmp/include -I/usr/local/opt/mpfr/include -I/usr/local/opt/libmpc/include   conftest.c >&5
configure:5305: $? = 0
configure:5306: result: yes
configure:5322: checking for the correct version of mpfr.h
configure:5340: gcc -c -g -O2 -I/usr/local/opt/gmp/include -I/usr/local/opt/mpfr/include -I/usr/local/opt/libmpc/include   conftest.c >&5
configure:5340: $? = 0
configure:5357: gcc -c -g -O2 -I/usr/local/opt/gmp/include -I/usr/local/opt/mpfr/include -I/usr/local/opt/libmpc/include   conftest.c >&5
configure:5357: $? = 0
configure:5358: result: yes
configure:5375: checking for the correct version of mpc.h
configure:5392: gcc -c -g -O2 -I/usr/local/opt/gmp/include -I/usr/local/opt/mpfr/include -I/usr/local/opt/libmpc/include   conftest.c >&5
configure:5392: $? = 0
configure:5408: gcc -c -g -O2 -I/usr/local/opt/gmp/include -I/usr/local/opt/mpfr/include -I/usr/local/opt/libmpc/include   conftest.c >&5
configure:5408: $? = 0
configure:5409: result: yes
configure:5427: checking for the correct version of the gmp/mpfr/mpc libraries
configure:5458: gcc -o conftest -g -O2 -I/usr/local/opt/gmp/include -I/usr/local/opt/mpfr/include -I/usr/local/opt/libmpc/include    conftest.c  -L/usr/local/opt/gmp/lib -L/usr/local/opt/mpfr/lib -L/usr/local/opt/libmpc/lib -lmpc -lmpfr -lgmp >&5
configure:5458: $? = 0
configure:5459: result: yes
configure:5643: checking for PWL_handle_timeout in -lpwl
configure:5668: gcc -o conftest -g -O2   conftest.c -lpwl    -lstdc++ -lm >&5
ld: library not found for -lpwl
clang: error: linker command failed with exit code 1 (use -v to see invocation)
configure:5668: $? = 1
configure: failed program was:
| /* confdefs.h */
| #define PACKAGE_NAME ""
| #define PACKAGE_TARNAME ""
| #define PACKAGE_VERSION ""
| #define PACKAGE_STRING ""
| #define PACKAGE_BUGREPORT ""
| #define PACKAGE_URL ""
| #define LT_OBJDIR ".libs/"
| /* end confdefs.h.  */
| 
| /* Override any GCC internal prototype to avoid an error.
|    Use char because int might match the return type of a GCC
|    builtin and then its argument prototype would still apply.  */
| #ifdef __cplusplus
| extern "C"
| #endif
| char PWL_handle_timeout ();
| int
| main ()
| {
| return PWL_handle_timeout ();
|   ;
|   return 0;
| }
configure:5677: result: no
configure:5691: checking for version 0.11 (revision 0 or later) of PPL
configure:5708: gcc -c -g -O2  -I/usr/local/opt/gmp/include -I/usr/local/opt/mpfr/include -I/usr/local/opt/libmpc/include   conftest.c >&5
conftest.c:10:10: fatal error: 'ppl_c.h' file not found
#include "ppl_c.h"
         ^
1 error generated.
configure:5708: $? = 1
configure: failed program was:
| /* confdefs.h */
| #define PACKAGE_NAME ""
| #define PACKAGE_TARNAME ""
| #define PACKAGE_VERSION ""
| #define PACKAGE_STRING ""
| #define PACKAGE_BUGREPORT ""
| #define PACKAGE_URL ""
| #define LT_OBJDIR ".libs/"
| /* end confdefs.h.  */
| #include "ppl_c.h"
| int
| main ()
| {
| 
|     #if PPL_VERSION_MAJOR != 0 || PPL_VERSION_MINOR < 11
|     choke me
|     #endif
| 
|   ;
|   return 0;
| }
configure:5712: result: no
configure:7026: checking for default BUILD_CONFIG
configure:7058: result: bootstrap-debug
configure:7547: checking for bison
configure:7563: found /usr/bin/bison
configure:7574: result: bison -y
configure:7594: checking for bison
configure:7610: found /usr/bin/bison
configure:7621: result: bison
configure:7641: checking for gm4
configure:7657: found /usr/bin/gm4
configure:7668: result: gm4
configure:7688: checking for flex
configure:7704: found /usr/bin/flex
configure:7715: result: flex
configure:7736: checking for flex
configure:7752: found /usr/bin/flex
configure:7763: result: flex
configure:7783: checking for makeinfo
configure:7799: found /usr/bin/makeinfo
configure:7810: result: makeinfo
configure:7844: checking for expect
configure:7860: found /usr/bin/expect
configure:7871: result: expect
configure:7893: checking for runtest
configure:7923: result: no
configure:8038: checking for ar
configure:8054: found /usr/bin/ar
configure:8065: result: ar
configure:8179: checking for as
configure:8195: found /usr/bin/as
configure:8206: result: as
configure:8320: checking for dlltool
configure:8350: result: no
configure:8380: checking for ld
configure:8407: result: /Applications/Xcode.app/Contents/Developer/Toolchains/XcodeDefault.xctoolchain/usr/bin/ld
configure:8602: checking for lipo
configure:8618: found /usr/bin/lipo
configure:8629: result: lipo
configure:8743: checking for nm
configure:8759: found /usr/bin/nm
configure:8770: result: nm
configure:8884: checking for ranlib
configure:8900: found /usr/bin/ranlib
configure:8911: result: ranlib
configure:9020: checking for strip
configure:9036: found /usr/bin/strip
configure:9047: result: strip
configure:9156: checking for windres
configure:9186: result: no
configure:9297: checking for windmc
configure:9327: result: no
configure:9438: checking for objcopy
configure:9468: result: no
configure:9579: checking for objdump
configure:9609: result: no
configure:9720: checking for readelf
configure:9750: result: no
configure:9900: checking for cc
configure:9916: found /usr/bin/cc
configure:9927: result: cc
configure:10061: checking for c++
configure:10077: found /usr/bin/c++
configure:10088: result: c++
configure:10222: checking for gcc
configure:10238: found /usr/bin/gcc
configure:10249: result: gcc
configure:10378: checking for gcj
configure:10408: result: no
configure:10539: checking for gfortran
configure:10555: found /usr/local/bin/gfortran
configure:10566: result: gfortran
configure:10700: checking for gccgo
configure:10730: result: no
configure:10791: checking for ar
configure:10824: result: no
configure:10941: checking for ar
configure:10957: found /usr/bin/ar
configure:10968: result: ar
configure:11021: checking for as
configure:11054: result: no
configure:11171: checking for as
configure:11187: found /usr/bin/as
configure:11198: result: as
configure:11251: checking for dlltool
configure:11284: result: no
configure:11401: checking for dlltool
configure:11431: result: no
configure:11481: checking for ld
configure:11514: result: no
configure:11631: checking for ld
configure:11647: found /usr/bin/ld
configure:11658: result: ld
configure:11711: checking for lipo
configure:11744: result: no
configure:11861: checking for lipo
configure:11877: found /usr/bin/lipo
configure:11888: result: lipo
configure:11941: checking for nm
configure:11974: result: no
configure:12091: checking for nm
configure:12107: found /usr/bin/nm
configure:12118: result: nm
configure:12171: checking for objdump
configure:12204: result: no
configure:12321: checking for objdump
configure:12351: result: no
configure:12401: checking for ranlib
configure:12434: result: no
configure:12551: checking for ranlib
configure:12567: found /usr/bin/ranlib
configure:12578: result: ranlib
configure:12631: checking for readelf
configure:12664: result: no
configure:12781: checking for readelf
configure:12811: result: no
configure:12861: checking for strip
configure:12894: result: no
configure:13011: checking for strip
configure:13027: found /usr/bin/strip
configure:13038: result: strip
configure:13091: checking for windres
configure:13124: result: no
configure:13241: checking for windres
configure:13271: result: no
configure:13321: checking for windmc
configure:13354: result: no
configure:13471: checking for windmc
configure:13501: result: no
configure:13529: checking where to find the target ar
configure:13562: result: host tool
configure:13571: checking where to find the target as
configure:13604: result: host tool
configure:13613: checking where to find the target cc
configure:13636: result: just compiled
configure:13655: checking where to find the target c++
configure:13681: result: just compiled
configure:13700: checking where to find the target c++ for libstdc++
configure:13726: result: just compiled
configure:13745: checking where to find the target dlltool
configure:13778: result: host tool
configure:13787: checking where to find the target gcc
configure:13810: result: just compiled
configure:13829: checking where to find the target gcj
configure:13865: result: host tool
configure:13874: checking where to find the target gfortran
configure:13900: result: just compiled
configure:13919: checking where to find the target gccgo
configure:13955: result: host tool
configure:13964: checking where to find the target ld
configure:13997: result: host tool
configure:14006: checking where to find the target lipo
configure:14028: result: host tool
configure:14037: checking where to find the target nm
configure:14070: result: host tool
configure:14079: checking where to find the target objdump
configure:14112: result: host tool
configure:14121: checking where to find the target ranlib
configure:14154: result: host tool
configure:14163: checking where to find the target readelf
configure:14196: result: host tool
configure:14205: checking where to find the target strip
configure:14238: result: host tool
configure:14247: checking where to find the target windres
configure:14280: result: host tool
configure:14289: checking where to find the target windmc
configure:14322: result: host tool
configure:14359: checking whether to enable maintainer-specific portions of Makefiles
configure:14368: result: no
configure:14401: checking whether -fkeep-inline-functions is supported
configure:14420: gcc -c -g -O2 -fkeep-inline-functions  conftest.c >&5
clang: warning: optimization flag '-fkeep-inline-functions' is not supported
configure:14420: $? = 0
configure:14421: result: yes
configure:14627: creating ./config.status

## ---------------------- ##
## Running config.status. ##
## ---------------------- ##

This file was extended by config.status, which was
generated by GNU Autoconf 2.64.  Invocation command line was

  CONFIG_FILES    = 
  CONFIG_HEADERS  = 
  CONFIG_LINKS    = 
  CONFIG_COMMANDS = 
  $ ./config.status 

on MBP-0407.hsd1.il.comcast.net

config.status:964: creating Makefile

## ---------------- ##
## Cache variables. ##
## ---------------- ##

ac_cv_build=x86_64-apple-darwin15.4.0
ac_cv_c_compiler_gnu=yes
ac_cv_cxx_compiler_gnu=yes
ac_cv_env_AR_FOR_TARGET_set=
ac_cv_env_AR_FOR_TARGET_value=
ac_cv_env_AR_set=
ac_cv_env_AR_value=
ac_cv_env_AS_FOR_TARGET_set=
ac_cv_env_AS_FOR_TARGET_value=
ac_cv_env_AS_set=
ac_cv_env_AS_value=
ac_cv_env_CCC_set=
ac_cv_env_CCC_value=
ac_cv_env_CC_FOR_TARGET_set=
ac_cv_env_CC_FOR_TARGET_value=
ac_cv_env_CC_set=
ac_cv_env_CC_value=
ac_cv_env_CFLAGS_set=
ac_cv_env_CFLAGS_value=
ac_cv_env_CPPFLAGS_set=
ac_cv_env_CPPFLAGS_value=
ac_cv_env_CXXFLAGS_set=
ac_cv_env_CXXFLAGS_value=
ac_cv_env_CXX_FOR_TARGET_set=
ac_cv_env_CXX_FOR_TARGET_value=
ac_cv_env_CXX_set=
ac_cv_env_CXX_value=
ac_cv_env_DLLTOOL_FOR_TARGET_set=
ac_cv_env_DLLTOOL_FOR_TARGET_value=
ac_cv_env_DLLTOOL_set=
ac_cv_env_DLLTOOL_value=
ac_cv_env_GCC_FOR_TARGET_set=
ac_cv_env_GCC_FOR_TARGET_value=
ac_cv_env_GCJ_FOR_TARGET_set=
ac_cv_env_GCJ_FOR_TARGET_value=
ac_cv_env_GFORTRAN_FOR_TARGET_set=
ac_cv_env_GFORTRAN_FOR_TARGET_value=
ac_cv_env_GOC_FOR_TARGET_set=
ac_cv_env_GOC_FOR_TARGET_value=
ac_cv_env_LDFLAGS_set=
ac_cv_env_LDFLAGS_value=
ac_cv_env_LD_FOR_TARGET_set=
ac_cv_env_LD_FOR_TARGET_value=
ac_cv_env_LD_set=
ac_cv_env_LD_value=
ac_cv_env_LIBS_set=
ac_cv_env_LIBS_value=
ac_cv_env_LIPO_FOR_TARGET_set=
ac_cv_env_LIPO_FOR_TARGET_value=
ac_cv_env_LIPO_set=
ac_cv_env_LIPO_value=
ac_cv_env_NM_FOR_TARGET_set=
ac_cv_env_NM_FOR_TARGET_value=
ac_cv_env_NM_set=
ac_cv_env_NM_value=
ac_cv_env_OBJCOPY_set=
ac_cv_env_OBJCOPY_value=
ac_cv_env_OBJDUMP_FOR_TARGET_set=
ac_cv_env_OBJDUMP_FOR_TARGET_value=
ac_cv_env_OBJDUMP_set=
ac_cv_env_OBJDUMP_value=
ac_cv_env_RANLIB_FOR_TARGET_set=
ac_cv_env_RANLIB_FOR_TARGET_value=
ac_cv_env_RANLIB_set=
ac_cv_env_RANLIB_value=
ac_cv_env_READELF_FOR_TARGET_set=
ac_cv_env_READELF_FOR_TARGET_value=
ac_cv_env_READELF_set=
ac_cv_env_READELF_value=
ac_cv_env_STRIP_FOR_TARGET_set=
ac_cv_env_STRIP_FOR_TARGET_value=
ac_cv_env_STRIP_set=
ac_cv_env_STRIP_value=
ac_cv_env_WINDMC_FOR_TARGET_set=
ac_cv_env_WINDMC_FOR_TARGET_value=
ac_cv_env_WINDMC_set=
ac_cv_env_WINDMC_value=
ac_cv_env_WINDRES_FOR_TARGET_set=
ac_cv_env_WINDRES_FOR_TARGET_value=
ac_cv_env_WINDRES_set=
ac_cv_env_WINDRES_value=
ac_cv_env_build_alias_set=
ac_cv_env_build_alias_value=
ac_cv_env_build_configargs_set=
ac_cv_env_build_configargs_value=
ac_cv_env_host_alias_set=
ac_cv_env_host_alias_value=
ac_cv_env_host_configargs_set=
ac_cv_env_host_configargs_value=
ac_cv_env_target_alias_set=
ac_cv_env_target_alias_value=
ac_cv_env_target_configargs_set=
ac_cv_env_target_configargs_value=
ac_cv_host=x86_64-apple-darwin15.4.0
ac_cv_lib_pwl_PWL_handle_timeout=no
ac_cv_objext=o
ac_cv_path_SED=/usr/bin/sed
ac_cv_path_install='/usr/local/bin/ginstall -c'
ac_cv_prog_AR=ar
ac_cv_prog_AR_FOR_TARGET=ar
ac_cv_prog_AS=as
ac_cv_prog_AS_FOR_TARGET=as
ac_cv_prog_AWK=awk
ac_cv_prog_BISON=bison
ac_cv_prog_CC_FOR_TARGET=cc
ac_cv_prog_CXX_FOR_TARGET=c++
ac_cv_prog_EXPECT=expect
ac_cv_prog_FLEX=flex
ac_cv_prog_GCC_FOR_TARGET=gcc
ac_cv_prog_GFORTRAN_FOR_TARGET=gfortran
ac_cv_prog_LD=/Applications/Xcode.app/Contents/Developer/Toolchains/XcodeDefault.xctoolchain/usr/bin/ld
ac_cv_prog_LD_FOR_TARGET=ld
ac_cv_prog_LEX=flex
ac_cv_prog_LIPO=lipo
ac_cv_prog_LIPO_FOR_TARGET=lipo
ac_cv_prog_M4=gm4
ac_cv_prog_MAKEINFO=makeinfo
ac_cv_prog_NM=nm
ac_cv_prog_NM_FOR_TARGET=nm
ac_cv_prog_RANLIB=ranlib
ac_cv_prog_RANLIB_FOR_TARGET=ranlib
ac_cv_prog_STRIP=strip
ac_cv_prog_STRIP_FOR_TARGET=strip
ac_cv_prog_YACC='bison -y'
ac_cv_prog_ac_ct_CC=gcc
ac_cv_prog_ac_ct_CXX=g++
ac_cv_prog_cc_c89=
ac_cv_prog_cc_g=yes
ac_cv_prog_cxx_g=yes
ac_cv_target=x86_64-apple-darwin15.4.0
acx_cv_cc_gcc_supports_ada=no
acx_cv_prog_LN=ln
gcc_cv_prog_cmp_skip='cmp --ignore-initial=16 $$f1 $$f2'
gcc_cv_tool_dirs=/usr/gcc-4.7.2/libexec/gcc/x86_64-apple-darwin15.4.0/4.7.2:/usr/gcc-4.7.2/libexec/gcc/x86_64-apple-darwin15.4.0:/usr/lib/gcc/x86_64-apple-darwin15.4.0/4.7.2:/usr/lib/gcc/x86_64-apple-darwin15.4.0:/usr/gcc-4.7.2/x86_64-apple-darwin15.4.0/bin/x86_64-apple-darwin15.4.0/4.7.2:/usr/gcc-4.7.2/x86_64-apple-darwin15.4.0/bin:
gcc_cv_tool_prefix=/usr/gcc-4.7.2
lt_cv_objdir=.libs

## ----------------- ##
## Output variables. ##
## ----------------- ##

AR='ar'
AR_FOR_BUILD='$(AR)'
AR_FOR_TARGET='$(AR)'
AS='as'
AS_FOR_BUILD='$(AS)'
AS_FOR_TARGET='$(AS)'
AWK='awk'
BISON='bison'
BUILD_CONFIG='bootstrap-debug'
CC='gcc'
CC_FOR_BUILD='$(CC)'
CC_FOR_TARGET='$$r/$(HOST_SUBDIR)/gcc/xgcc -B$$r/$(HOST_SUBDIR)/gcc/'
CFLAGS='-g -O2'
CFLAGS_FOR_BUILD='-g -O2'
CFLAGS_FOR_TARGET='-g -O2'
COMPILER_AS_FOR_TARGET='$$r/$(HOST_SUBDIR)/gcc/as'
COMPILER_LD_FOR_TARGET='$$r/$(HOST_SUBDIR)/gcc/collect-ld'
COMPILER_NM_FOR_TARGET='$$r/$(HOST_SUBDIR)/gcc/nm'
CONFIGURE_GDB_TK=''
CPPFLAGS=''
CXX='g++'
CXXFLAGS='-g -O2'
CXXFLAGS_FOR_BUILD='-g -O2'
CXXFLAGS_FOR_TARGET='-g -O2'
CXX_FOR_BUILD='$(CXX)'
CXX_FOR_TARGET='$$r/$(HOST_SUBDIR)/gcc/g++ -B$$r/$(HOST_SUBDIR)/gcc/ -nostdinc++ `if test -f $$r/$(TARGET_SUBDIR)/libstdc++-v3/scripts/testsuite_flags; then $(SHELL) $$r/$(TARGET_SUBDIR)/libstdc++-v3/scripts/testsuite_flags --build-includes; else echo -funconfigured-libstdc++-v3 ; fi` -L$$r/$(TARGET_SUBDIR)/libstdc++-v3/src -L$$r/$(TARGET_SUBDIR)/libstdc++-v3/src/.libs'
DEBUG_PREFIX_CFLAGS_FOR_TARGET=''
DEFS='-DPACKAGE_NAME=\"\" -DPACKAGE_TARNAME=\"\" -DPACKAGE_VERSION=\"\" -DPACKAGE_STRING=\"\" -DPACKAGE_BUGREPORT=\"\" -DPACKAGE_URL=\"\" -DLT_OBJDIR=\".libs/\"'
DLLTOOL='dlltool'
DLLTOOL_FOR_BUILD='$(DLLTOOL)'
DLLTOOL_FOR_TARGET='$(DLLTOOL)'
ECHO_C='\c'
ECHO_N=''
ECHO_T=''
EXEEXT=''
EXPECT='expect'
EXTRA_CONFIGARGS_LIBJAVA='--disable-static'
FLAGS_FOR_TARGET=' -B$(build_tooldir)/bin/ -B$(build_tooldir)/lib/ -isystem $(build_tooldir)/include -isystem $(build_tooldir)/sys-include'
FLEX='flex'
GCC_FOR_TARGET='$$r/$(HOST_SUBDIR)/gcc/xgcc -B$$r/$(HOST_SUBDIR)/gcc/'
GCC_SHLIB_SUBDIR=''
GCJ_FOR_BUILD='$(GCJ)'
GCJ_FOR_TARGET='$(GCJ)'
GDB_TK=''
GFORTRAN_FOR_BUILD='$(GFORTRAN)'
GFORTRAN_FOR_TARGET='$$r/$(HOST_SUBDIR)/gcc/gfortran -B$$r/$(HOST_SUBDIR)/gcc/'
GNATBIND='no'
GNATMAKE='no'
GOC_FOR_BUILD='$(GOC)'
GOC_FOR_TARGET='$(GOC)'
INSTALL_DATA='${INSTALL} -m 644'
INSTALL_GDB_TK=''
INSTALL_PROGRAM='${INSTALL}'
INSTALL_SCRIPT='${INSTALL}'
LD='/Applications/Xcode.app/Contents/Developer/Toolchains/XcodeDefault.xctoolchain/usr/bin/ld'
LDFLAGS=''
LDFLAGS_FOR_BUILD=''
LDFLAGS_FOR_TARGET=''
LD_FOR_BUILD='$(LD)'
LD_FOR_TARGET='$(LD)'
LEX='flex'
LIBOBJS=''
LIBS=''
LIPO='lipo'
LIPO_FOR_TARGET='$(LIPO)'
LN='ln'
LN_S='ln -s'
LTLIBOBJS=''
M4='gm4'
MAINT='#'
MAINTAINER_MODE_FALSE=''
MAINTAINER_MODE_TRUE='#'
MAKEINFO='makeinfo'
NM='nm'
NM_FOR_BUILD='$(NM)'
NM_FOR_TARGET='$(NM)'
OBJCOPY='objcopy'
OBJDUMP='objdump'
OBJDUMP_FOR_TARGET='$(OBJDUMP)'
OBJEXT='o'
PACKAGE_BUGREPORT=''
PACKAGE_NAME=''
PACKAGE_STRING=''
PACKAGE_TARNAME=''
PACKAGE_URL=''
PACKAGE_VERSION=''
PATH_SEPARATOR=':'
POSTSTAGE1_CONFIGURE_FLAGS='--enable-build-with-cxx'
RANLIB='ranlib'
RANLIB_FOR_BUILD='$(RANLIB)'
RANLIB_FOR_TARGET='$(RANLIB)'
RAW_CXX_FOR_TARGET='$$r/$(HOST_SUBDIR)/gcc/xgcc -shared-libgcc -B$$r/$(HOST_SUBDIR)/gcc -nostdinc++ -L$$r/$(TARGET_SUBDIR)/libstdc++-v3/src -L$$r/$(TARGET_SUBDIR)/libstdc++-v3/src/.libs'
READELF='readelf'
READELF_FOR_TARGET='$(READELF)'
RPATH_ENVVAR='DYLD_LIBRARY_PATH'
RUNTEST='runtest'
SED='/usr/bin/sed'
SHELL='/bin/sh'
STRIP='strip'
STRIP_FOR_TARGET='$(STRIP)'
SYSROOT_CFLAGS_FOR_TARGET=''
TOPLEVEL_CONFIGURE_ARGUMENTS='../configure --prefix=/usr/gcc-4.7.2 --with-gmp=/usr/local/opt/gmp --with-mpfr=/usr/local/opt/mpfr --with-mpc=/usr/local/opt/libmpc --program-suffix=-4.7.2 --enable-languages=c,c++,fortran --with-system-zlib --enable-stage1-checking --enable-plugin --enable-lto --disable-multilib'
WINDMC='windmc'
WINDMC_FOR_BUILD='$(WINDMC)'
WINDMC_FOR_TARGET='$(WINDMC)'
WINDRES='windres'
WINDRES_FOR_BUILD='$(WINDRES)'
WINDRES_FOR_TARGET='$(WINDRES)'
YACC='bison -y'
ac_ct_CC='gcc'
ac_ct_CXX='g++'
bindir='${exec_prefix}/bin'
build='x86_64-apple-darwin15.4.0'
build_alias=''
build_configargs=' --cache-file=../config.cache '\''--prefix=/usr/gcc-4.7.2'\'' '\''--with-gmp=/usr/local/opt/gmp'\'' '\''--with-mpfr=/usr/local/opt/mpfr'\'' '\''--with-mpc=/usr/local/opt/libmpc'\'' '\''--with-system-zlib'\'' '\''--enable-stage1-checking'\'' '\''--enable-plugin'\'' '\''--enable-lto'\'' '\''--disable-multilib'\'' '\''--enable-languages=c,c++,fortran,lto'\'' --program-transform-name='\''s&$$&-4.7.2&'\'' --disable-option-checking'
build_configdirs=' libiberty fixincludes'
build_cpu='x86_64'
build_libsubdir='build-x86_64-apple-darwin15.4.0'
build_noncanonical='x86_64-apple-darwin15.4.0'
build_os='darwin15.4.0'
build_subdir='build-x86_64-apple-darwin15.4.0'
build_tooldir='${exec_prefix}/x86_64-apple-darwin15.4.0'
build_vendor='apple'
clooginc=''
clooglibs=''
compare_exclusions='gcc/cc*-checksum$(objext) | gcc/ada/*tools/*'
configdirs=' intl libiberty libcpp libdecnumber fixincludes gcc'
datadir='${datarootdir}'
datarootdir='${prefix}/share'
do_compare='cmp --ignore-initial=16 $$f1 $$f2'
docdir='${datarootdir}/doc/${PACKAGE}'
dvidir='${docdir}'
exec_prefix='${prefix}'
extra_host_libiberty_configure_flags=''
extra_mpc_gmp_configure_flags=''
extra_mpc_mpfr_configure_flags=''
extra_mpfr_configure_flags=''
gmpinc='-I/usr/local/opt/gmp/include -I/usr/local/opt/mpfr/include -I/usr/local/opt/libmpc/include '
gmplibs='-L/usr/local/opt/gmp/lib -L/usr/local/opt/mpfr/lib -L/usr/local/opt/libmpc/lib -lmpc -lmpfr -lgmp'
host='x86_64-apple-darwin15.4.0'
host_alias=''
host_configargs=' --cache-file=./config.cache  --with-system-zlib '\''--prefix=/usr/gcc-4.7.2'\'' '\''--with-gmp=/usr/local/opt/gmp'\'' '\''--with-mpfr=/usr/local/opt/mpfr'\'' '\''--with-mpc=/usr/local/opt/libmpc'\'' '\''--with-system-zlib'\'' '\''--enable-stage1-checking'\'' '\''--enable-plugin'\'' '\''--enable-lto'\'' '\''--disable-multilib'\'' '\''--enable-languages=c,c++,fortran,lto'\'' --program-transform-name='\''s&$$&-4.7.2&'\'' --disable-option-checking'
host_cpu='x86_64'
host_noncanonical='x86_64-apple-darwin15.4.0'
host_os='darwin15.4.0'
host_subdir='.'
host_vendor='apple'
htmldir='${docdir}'
includedir='${prefix}/include'
infodir='${datarootdir}/info'
libdir='${exec_prefix}/lib'
libexecdir='${exec_prefix}/libexec'
localedir='${datarootdir}/locale'
localstatedir='${prefix}/var'
mandir='${datarootdir}/man'
oldincludedir='/usr/include'
pdfdir='${docdir}'
poststage1_ldflags='-static-libstdc++ -static-libgcc'
poststage1_libs=''
pplinc=''
ppllibs=''
prefix='/usr/gcc-4.7.2'
program_transform_name='s&$$&-4.7.2&'
psdir='${docdir}'
sbindir='${exec_prefix}/sbin'
sharedstatedir='${prefix}/com'
stage1_cflags='-g -fkeep-inline-functions'
stage1_checking='--enable-checking=yes'
stage1_languages='c,c++,lto'
stage1_ldflags=''
stage1_libs=''
stage2_werror_flag=''
sysconfdir='${prefix}/etc'
target='x86_64-apple-darwin15.4.0'
target_alias=''
target_configargs='--cache-file=./config.cache   '\''--prefix=/usr/gcc-4.7.2'\'' '\''--with-gmp=/usr/local/opt/gmp'\'' '\''--with-mpfr=/usr/local/opt/mpfr'\'' '\''--with-mpc=/usr/local/opt/libmpc'\'' '\''--with-system-zlib'\'' '\''--enable-stage1-checking'\'' '\''--enable-plugin'\'' '\''--enable-lto'\'' '\''--disable-multilib'\'' '\''--enable-languages=c,c++,fortran,lto'\'' --program-transform-name='\''s&$$&-4.7.2&'\'' --disable-option-checking'
target_configdirs=' libgcc libgomp libitm libstdc++-v3 libssp libquadmath libgfortran'
target_cpu='x86_64'
target_noncanonical='x86_64-apple-darwin15.4.0'
target_os='darwin15.4.0'
target_subdir='x86_64-apple-darwin15.4.0'
target_vendor='apple'
tooldir='${exec_prefix}/x86_64-apple-darwin15.4.0'

## ------------------- ##
## File substitutions. ##
## ------------------- ##

alphaieee_frag='/dev/null'
host_makefile_frag='../config/mh-darwin'
ospace_frag='/dev/null'
serialization_dependencies='serdep.tmp'
target_makefile_frag='/dev/null'

## ----------- ##
## confdefs.h. ##
## ----------- ##

/* confdefs.h */
#define PACKAGE_NAME ""
#define PACKAGE_TARNAME ""
#define PACKAGE_VERSION ""
#define PACKAGE_STRING ""
#define PACKAGE_BUGREPORT ""
#define PACKAGE_URL ""
#define LT_OBJDIR ".libs/"

configure: exit 0
